<html>
<head>
<title>TestNG:  Command line test</title>
<link href="../testng.css" rel="stylesheet" type="text/css" />
<link href="../my-testng.css" rel="stylesheet" type="text/css" />

<style type="text/css">
.log { display: none;} 
.stack-trace { display: none;} 
</style>
<script type="text/javascript">
<!--
function flip(e) {
  current = e.style.display;
  if (current == 'block') {
    e.style.display = 'none';
    return 0;
  }
  else {
    e.style.display = 'block';
    return 1;
  }
}

function toggleBox(szDivId, elem, msg1, msg2)
{
  var res = -1;  if (document.getElementById) {
    res = flip(document.getElementById(szDivId));
  }
  else if (document.all) {
    // this is the way old msie versions work
    res = flip(document.all[szDivId]);
  }
  if(elem) {
    if(res == 0) elem.innerHTML = msg1; else elem.innerHTML = msg2;
  }

}

function toggleAllBoxes() {
  if (document.getElementsByTagName) {
    d = document.getElementsByTagName('div');
    for (i = 0; i < d.length; i++) {
      if (d[i].className == 'log') {
        flip(d[i]);
      }
    }
  }
}

// -->
</script>

</head>
<body>
<h2 align='center'>Command line test</h2><table border='1' align="center">
<tr>
<td>Tests passed/Failed/Skipped:</td><td>12/0/1</td>
</tr><tr>
<td>Started on:</td><td>Sat Jul 18 14:10:06 EDT 2020</td>
</tr>
<tr><td>Total time:</td><td>407 seconds (407045 ms)</td>
</tr><tr>
<td>Included groups:</td><td></td>
</tr><tr>
<td>Excluded groups:</td><td></td>
</tr>
</table><p/>
<small><i>(Hover the method name to see the test class name)</i></small><p/>
<table width='100%' border='1' class='invocation-passed'>
<tr><td colspan='4' align='center'><b>PASSED TESTS</b></td></tr>
<tr><td><b>Test method</b></td>
<td width="30%"><b>Exception</b></td>
<td width="10%"><b>Time (seconds)</b></td>
<td><b>Instance</b></td>
</tr>
<tr>
<td title='com.qa.hubspot.tests.LoginPageTest.loginTest()'><b>loginTest</b><br>Test class: com.qa.hubspot.tests.LoginPageTest<br>Test method: Login page wrong credentials</td>
<td></td>
<td>8</td>
<td>com.qa.hubspot.tests.LoginPageTest@72d818d1</td></tr>
<tr>
<td title='com.qa.hubspot.tests.LoginPageTest.login_invalidTestCase()'><b>login_invalidTestCase</b><br>Test class: com.qa.hubspot.tests.LoginPageTest<br>Parameters: ammar@sample.com, 123test456</td>
<td></td>
<td>60</td>
<td>com.qa.hubspot.tests.LoginPageTest@72d818d1</td></tr>
<tr>
<td title='com.qa.hubspot.tests.LoginPageTest.login_invalidTestCase()'><b>login_invalidTestCase</b><br>Test class: com.qa.hubspot.tests.LoginPageTest<br>Parameters: unal@sample.com,  </td>
<td></td>
<td>60</td>
<td>com.qa.hubspot.tests.LoginPageTest@72d818d1</td></tr>
<tr>
<td title='com.qa.hubspot.tests.LoginPageTest.login_invalidTestCase()'><b>login_invalidTestCase</b><br>Test class: com.qa.hubspot.tests.LoginPageTest<br>Parameters:  , 123test456</td>
<td></td>
<td>60</td>
<td>com.qa.hubspot.tests.LoginPageTest@72d818d1</td></tr>
<tr>
<td title='com.qa.hubspot.tests.LoginPageTest.login_invalidTestCase()'><b>login_invalidTestCase</b><br>Test class: com.qa.hubspot.tests.LoginPageTest<br>Parameters: yummy, yummy</td>
<td></td>
<td>60</td>
<td>com.qa.hubspot.tests.LoginPageTest@72d818d1</td></tr>
<tr>
<td title='com.qa.hubspot.tests.LoginPageTest.login_invalidTestCase()'><b>login_invalidTestCase</b><br>Test class: com.qa.hubspot.tests.LoginPageTest<br>Parameters:  ,  </td>
<td></td>
<td>60</td>
<td>com.qa.hubspot.tests.LoginPageTest@72d818d1</td></tr>
<tr>
<td title='com.qa.hubspot.tests.ContactsPageTest.verifyContactsPageTitle()'><b>verifyContactsPageTitle</b><br>Test class: com.qa.hubspot.tests.ContactsPageTest</td>
<td></td>
<td>2</td>
<td>com.qa.hubspot.tests.ContactsPageTest@6e06451e</td></tr>
<tr>
<td title='com.qa.hubspot.tests.HomePageTest.verifyHomePageHeader()'><b>verifyHomePageHeader</b><br>Test class: com.qa.hubspot.tests.HomePageTest<br>Test method: Homepage Header = Thanks for choosing HubSpot</td>
<td></td>
<td>0</td>
<td>com.qa.hubspot.tests.HomePageTest@27c20538</td></tr>
<tr>
<td title='com.qa.hubspot.tests.HomePageTest.verifyHomePageTitle()'><b>verifyHomePageTitle</b><br>Test class: com.qa.hubspot.tests.HomePageTest<br>Test method: Homepage Title = Account Setup | HubSpot</td>
<td></td>
<td>0</td>
<td>com.qa.hubspot.tests.HomePageTest@27c20538</td></tr>
<tr>
<td title='com.qa.hubspot.tests.LoginPageTest.verifyPageTitleTest()'><b>verifyPageTitleTest</b><br>Test class: com.qa.hubspot.tests.LoginPageTest<br>Test method: Get title as HubSpot Login</td>
<td></td>
<td>0</td>
<td>com.qa.hubspot.tests.LoginPageTest@72d818d1</td></tr>
<tr>
<td title='com.qa.hubspot.tests.LoginPageTest.verifySignUpLink()'><b>verifySignUpLink</b><br>Test class: com.qa.hubspot.tests.LoginPageTest<br>Test method: Verify signup link in Login page</td>
<td></td>
<td>0</td>
<td>com.qa.hubspot.tests.LoginPageTest@72d818d1</td></tr>
<tr>
<td title='com.qa.hubspot.tests.HomePageTest.verifyUserAccountName()'><b>verifyUserAccountName</b><br>Test class: com.qa.hubspot.tests.HomePageTest<br>Test method: User Account Name = Teecs</td>
<td></td>
<td>0</td>
<td>com.qa.hubspot.tests.HomePageTest@27c20538</td></tr>
</table><p>
<table width='100%' border='1' class='invocation-skipped'>
<tr><td colspan='4' align='center'><b>SKIPPED TESTS</b></td></tr>
<tr><td><b>Test method</b></td>
<td width="30%"><b>Exception</b></td>
<td width="10%"><b>Time (seconds)</b></td>
<td><b>Instance</b></td>
</tr>
<tr>
<td title='com.qa.hubspot.tests.ContactsPageTest.createContactsTest()'><b>createContactsTest</b><br>Test class: com.qa.hubspot.tests.ContactsPageTest</td>
<td><div><pre>java.lang.RuntimeException: java.lang.NullPointerException
	at java.util.ArrayList.forEach(ArrayList.java:1257)
Caused by: java.lang.NullPointerException
	at com.qa.hubspot.util.ExcelUtil.getTestData(ExcelUtil.java:32)
	at com.qa.hubspot.tests.ContactsPageTest.getContactsTestData(ContactsPageTest.java:51)
	... 35 more
... Removed 42 stack frames</pre></div><a href='#' onClick='toggleBox("stack-trace1876259196", this, "Click to show all stack frames", "Click to hide stack frames")'>Click to show all stack frames</a>
<div class='stack-trace' id='stack-trace1876259196'><pre>java.lang.RuntimeException: java.lang.NullPointerException
	at org.testng.internal.MethodInvocationHelper.invokeMethodNoCheckedException(MethodInvocationHelper.java:51)
	at org.testng.internal.MethodInvocationHelper.invokeDataProvider(MethodInvocationHelper.java:147)
	at org.testng.internal.Parameters.handleParameters(Parameters.java:801)
	at org.testng.internal.Parameters.handleParameters(Parameters.java:744)
	at org.testng.internal.ParameterHandler.handleParameters(ParameterHandler.java:59)
	at org.testng.internal.ParameterHandler.createParameters(ParameterHandler.java:38)
	at org.testng.internal.TestInvoker$MethodInvocationAgent.invoke(TestInvoker.java:783)
	at org.testng.internal.TestInvoker.invokeTestMethods(TestInvoker.java:146)
	at org.testng.internal.TestMethodWorker.invokeTestMethods(TestMethodWorker.java:146)
	at org.testng.internal.TestMethodWorker.run(TestMethodWorker.java:128)
	at java.util.ArrayList.forEach(ArrayList.java:1257)
	at org.testng.TestRunner.privateRun(TestRunner.java:766)
	at org.testng.TestRunner.run(TestRunner.java:587)
	at org.testng.SuiteRunner.runTest(SuiteRunner.java:384)
	at org.testng.SuiteRunner.runSequentially(SuiteRunner.java:378)
	at org.testng.SuiteRunner.privateRun(SuiteRunner.java:337)
	at org.testng.SuiteRunner.run(SuiteRunner.java:286)
	at org.testng.SuiteRunnerWorker.runSuite(SuiteRunnerWorker.java:53)
	at org.testng.SuiteRunnerWorker.run(SuiteRunnerWorker.java:96)
	at org.testng.TestNG.runSuitesSequentially(TestNG.java:1187)
	at org.testng.TestNG.runSuitesLocally(TestNG.java:1109)
	at org.testng.TestNG.runSuites(TestNG.java:1039)
	at org.testng.TestNG.run(TestNG.java:1007)
	at org.apache.maven.surefire.testng.TestNGExecutor.run(TestNGExecutor.java:77)
	at org.apache.maven.surefire.testng.TestNGDirectoryTestSuite.executeMulti(TestNGDirectoryTestSuite.java:159)
	at org.apache.maven.surefire.testng.TestNGDirectoryTestSuite.execute(TestNGDirectoryTestSuite.java:99)
	at org.apache.maven.surefire.testng.TestNGProvider.invoke(TestNGProvider.java:106)
	at sun.reflect.NativeMethodAccessorImpl.invoke0(Native Method)
	at sun.reflect.NativeMethodAccessorImpl.invoke(NativeMethodAccessorImpl.java:62)
	at sun.reflect.DelegatingMethodAccessorImpl.invoke(DelegatingMethodAccessorImpl.java:43)
	at java.lang.reflect.Method.invoke(Method.java:498)
	at org.apache.maven.surefire.util.ReflectionUtils.invokeMethodWithArray(ReflectionUtils.java:189)
	at org.apache.maven.surefire.booter.ProviderFactory$ProviderProxy.invoke(ProviderFactory.java:165)
	at org.apache.maven.surefire.booter.ProviderFactory.invokeProvider(ProviderFactory.java:85)
	at org.apache.maven.surefire.booter.ForkedBooter.runSuitesInProcess(ForkedBooter.java:115)
	at org.apache.maven.surefire.booter.ForkedBooter.main(ForkedBooter.java:75)
Caused by: java.lang.NullPointerException
	at com.qa.hubspot.util.ExcelUtil.getTestData(ExcelUtil.java:32)
	at com.qa.hubspot.tests.ContactsPageTest.getContactsTestData(ContactsPageTest.java:51)
	at sun.reflect.NativeMethodAccessorImpl.invoke0(Native Method)
	at sun.reflect.NativeMethodAccessorImpl.invoke(NativeMethodAccessorImpl.java:62)
	at sun.reflect.DelegatingMethodAccessorImpl.invoke(DelegatingMethodAccessorImpl.java:43)
	at java.lang.reflect.Method.invoke(Method.java:498)
	at org.testng.internal.MethodInvocationHelper.invokeMethod(MethodInvocationHelper.java:134)
	at org.testng.internal.MethodInvocationHelper.invokeMethod(MethodInvocationHelper.java:78)
	at org.testng.internal.MethodInvocationHelper.invokeMethodNoCheckedException(MethodInvocationHelper.java:47)
	... 35 more
</pre></div></td>
<td>0</td>
<td>com.qa.hubspot.tests.ContactsPageTest@6e06451e</td></tr>
</table><p>
</body>
</html>